<?xml version="1.0" encoding="UTF-8"?>
<robot generator="Robot 3.2.2 (Python 3.9.5 on win32)" generated="20210719 23:16:16.406" rpa="false">
<suite id="s1" name="TS2" source="C:\Users\Amila\eclipse-workspace\SSSS\test\TS2.robot">
<test id="s1-t1" name="MyFirstTest">
<kw name="Log" library="BuiltIn">
<doc>Logs the given message with the given level.</doc>
<arguments>
<arg>AmilaTest</arg>
</arguments>
<msg timestamp="20210719 23:16:16.619" level="INFO">AmilaTest</msg>
<status status="PASS" starttime="20210719 23:16:16.619" endtime="20210719 23:16:16.619"></status>
</kw>
<status status="PASS" starttime="20210719 23:16:16.618" endtime="20210719 23:16:16.619" critical="yes"></status>
</test>
<test id="s1-t2" name="FirstSeleniumT">
<kw name="Open Browser" library="SeleniumLibrary">
<doc>Opens a new browser instance to the optional ``url``.</doc>
<arguments>
<arg>${URL}</arg>
<arg>chrome</arg>
</arguments>
<msg timestamp="20210719 23:16:16.621" level="INFO">Opening browser 'chrome' to base url 'https://qa.bi-octopus.com/login'.</msg>
<status status="PASS" starttime="20210719 23:16:16.621" endtime="20210719 23:16:23.068"></status>
</kw>
<kw name="Maximize Browser Window" library="SeleniumLibrary">
<doc>Maximizes current browser window.</doc>
<status status="PASS" starttime="20210719 23:16:23.069" endtime="20210719 23:16:23.196"></status>
</kw>
<kw name="LoginKw1">
<kw name="Input Text" library="SeleniumLibrary">
<doc>Types the given ``text`` into the text field identified by ``locator``.</doc>
<arguments>
<arg>id=login_email</arg>
<arg>@{CREDENTIALS}[0]</arg>
</arguments>
<msg timestamp="20210719 23:16:23.199" level="WARN">Accessing variable items using '@{CREDENTIALS}[0]' syntax is deprecated. Use '${CREDENTIALS}[0]' instead.</msg>
<msg timestamp="20210719 23:16:23.199" level="INFO">Typing text 'amila.rangana@ayra.com.au' into text field 'id=login_email'.</msg>
<status status="PASS" starttime="20210719 23:16:23.199" endtime="20210719 23:16:23.351"></status>
</kw>
<kw name="Sleep" library="BuiltIn">
<doc>Pauses the test executed for the given time.</doc>
<arguments>
<arg>5</arg>
</arguments>
<msg timestamp="20210719 23:16:28.355" level="INFO">Slept 5 seconds</msg>
<status status="PASS" starttime="20210719 23:16:23.351" endtime="20210719 23:16:28.355"></status>
</kw>
<kw name="Click Button" library="SeleniumLibrary">
<doc>Clicks the button identified by ``locator``.</doc>
<arguments>
<arg>xpath=//button[@type='submit']</arg>
</arguments>
<msg timestamp="20210719 23:16:28.355" level="INFO">Clicking button 'xpath=//button[@type='submit']'.</msg>
<status status="PASS" starttime="20210719 23:16:28.355" endtime="20210719 23:16:28.452"></status>
</kw>
<kw name="Input Password" library="SeleniumLibrary">
<doc>Types the given password into the text field identified by ``locator``.</doc>
<arguments>
<arg>id=addPassword_password</arg>
<arg>@{CREDENTIALS}[1]</arg>
</arguments>
<msg timestamp="20210719 23:16:28.452" level="WARN">Accessing variable items using '@{CREDENTIALS}[1]' syntax is deprecated. Use '${CREDENTIALS}[1]' instead.</msg>
<msg timestamp="20210719 23:16:28.453" level="INFO">Typing password into text field 'id=addPassword_password'.</msg>
<msg timestamp="20210719 23:16:28.486" level="INFO">Temporally setting log level to: NONE</msg>
<msg timestamp="20210719 23:16:28.530" level="INFO">Log level changed from NONE to INFO.</msg>
<status status="PASS" starttime="20210719 23:16:28.452" endtime="20210719 23:16:28.531"></status>
</kw>
<kw name="Click Button" library="SeleniumLibrary">
<doc>Clicks the button identified by ``locator``.</doc>
<arguments>
<arg>xpath=//button[@type='submit']</arg>
</arguments>
<msg timestamp="20210719 23:16:28.531" level="INFO">Clicking button 'xpath=//button[@type='submit']'.</msg>
<status status="PASS" starttime="20210719 23:16:28.531" endtime="20210719 23:16:28.586"></status>
</kw>
<kw name="Sleep" library="BuiltIn">
<doc>Pauses the test executed for the given time.</doc>
<arguments>
<arg>5</arg>
</arguments>
<msg timestamp="20210719 23:16:33.589" level="INFO">Slept 5 seconds</msg>
<status status="PASS" starttime="20210719 23:16:28.586" endtime="20210719 23:16:33.589"></status>
</kw>
<status status="PASS" starttime="20210719 23:16:23.197" endtime="20210719 23:16:33.590"></status>
</kw>
<kw name="Log" library="BuiltIn">
<doc>Logs the given message with the given level.</doc>
<arguments>
<arg>Test Completed</arg>
</arguments>
<msg timestamp="20210719 23:16:33.593" level="INFO">Test Completed</msg>
<status status="PASS" starttime="20210719 23:16:33.592" endtime="20210719 23:16:33.593"></status>
</kw>
<kw name="Log" library="BuiltIn">
<doc>Logs the given message with the given level.</doc>
<arguments>
<arg>This was tested by %{username} on %{os}</arg>
</arguments>
<msg timestamp="20210719 23:16:33.595" level="INFO">This was tested by Amila on Windows_NT</msg>
<status status="PASS" starttime="20210719 23:16:33.594" endtime="20210719 23:16:33.596"></status>
</kw>
<status status="PASS" starttime="20210719 23:16:16.621" endtime="20210719 23:16:33.597" critical="yes"></status>
</test>
<status status="PASS" starttime="20210719 23:16:16.408" endtime="20210719 23:16:33.601"></status>
</suite>
<statistics>
<total>
<stat pass="2" fail="0">Critical Tests</stat>
<stat pass="2" fail="0">All Tests</stat>
</total>
<tag>
</tag>
<suite>
<stat pass="2" fail="0" id="s1" name="TS2">TS2</stat>
</suite>
</statistics>
<errors>
<msg timestamp="20210719 23:16:23.199" level="WARN">Accessing variable items using '@{CREDENTIALS}[0]' syntax is deprecated. Use '${CREDENTIALS}[0]' instead.</msg>
<msg timestamp="20210719 23:16:28.452" level="WARN">Accessing variable items using '@{CREDENTIALS}[1]' syntax is deprecated. Use '${CREDENTIALS}[1]' instead.</msg>
</errors>
</robot>
